[2019-03-30T19:47:33,223][INFO ][logstash.setting.writabledirectory] Creating directory {:setting=>"path.queue", :path=>"/Users/alejandro-piedra/Documents/pfcti/logstash-6.6.0/data/queue"}
[2019-03-30T19:47:33,233][INFO ][logstash.setting.writabledirectory] Creating directory {:setting=>"path.dead_letter_queue", :path=>"/Users/alejandro-piedra/Documents/pfcti/logstash-6.6.0/data/dead_letter_queue"}
[2019-03-30T19:47:33,331][WARN ][logstash.config.source.multilocal] Ignoring the 'pipelines.yml' file because modules or command line options are specified
[2019-03-30T19:47:33,353][INFO ][logstash.runner          ] Starting Logstash {"logstash.version"=>"6.6.0"}
[2019-03-30T19:47:33,380][INFO ][logstash.agent           ] No persistent UUID file found. Generating new UUID {:uuid=>"cd017371-15b1-4519-b07b-a36345b02440", :path=>"/Users/alejandro-piedra/Documents/pfcti/logstash-6.6.0/data/uuid"}
[2019-03-30T19:47:33,945][INFO ][logstash.config.source.local.configpathloader] No config files found in path {:path=>"/Users/alejandro-piedra/Documents/pfcti/logstash-6.6.0/logstash.conf"}
[2019-03-30T19:47:33,954][ERROR][logstash.config.sourceloader] No configuration found in the configured sources.
[2019-03-30T19:47:34,247][INFO ][logstash.agent           ] Successfully started Logstash API endpoint {:port=>9600}
[2019-03-30T21:05:23,920][WARN ][logstash.config.source.multilocal] Ignoring the 'pipelines.yml' file because modules or command line options are specified
[2019-03-30T21:05:23,947][INFO ][logstash.runner          ] Starting Logstash {"logstash.version"=>"6.6.0"}
[2019-03-30T21:05:24,493][INFO ][logstash.config.source.local.configpathloader] No config files found in path {:path=>"/Users/alejandro-piedra/Documents/pfcti/logstash-6.6.0/logstash.conf"}
[2019-03-30T21:05:24,500][ERROR][logstash.config.sourceloader] No configuration found in the configured sources.
[2019-03-30T21:05:24,757][INFO ][logstash.agent           ] Successfully started Logstash API endpoint {:port=>9600}
[2019-03-30T21:06:45,826][WARN ][logstash.config.source.multilocal] Ignoring the 'pipelines.yml' file because modules or command line options are specified
[2019-03-30T21:06:45,852][INFO ][logstash.runner          ] Starting Logstash {"logstash.version"=>"6.6.0"}
[2019-03-30T21:06:51,399][INFO ][logstash.pipeline        ] Starting pipeline {:pipeline_id=>"main", "pipeline.workers"=>8, "pipeline.batch.size"=>125, "pipeline.batch.delay"=>50}
[2019-03-30T21:06:51,757][INFO ][logstash.outputs.elasticsearch] Elasticsearch pool URLs updated {:changes=>{:removed=>[], :added=>[http://localhost:9200/]}}
[2019-03-30T21:06:51,929][WARN ][logstash.outputs.elasticsearch] Attempted to resurrect connection to dead ES instance, but got an error. {:url=>"http://localhost:9200/", :error_type=>LogStash::Outputs::ElasticSearch::HttpClient::Pool::HostUnreachableError, :error=>"Elasticsearch Unreachable: [http://localhost:9200/][Manticore::SocketException] Connection refused (Connection refused)"}
[2019-03-30T21:06:51,953][INFO ][logstash.outputs.elasticsearch] New Elasticsearch output {:class=>"LogStash::Outputs::ElasticSearch", :hosts=>["//localhost:9200"]}
[2019-03-30T21:06:52,348][INFO ][logstash.inputs.file     ] No sincedb_path set, generating one based on the "path" setting {:sincedb_path=>"/Users/alejandro-piedra/Documents/pfcti/logstash-6.6.0/data/plugins/inputs/file/.sincedb_2d834de07da30a69622833d16c6b7f65", :path=>["/Users/alejandro-piedra/Documents/pfcti/BackEnd/logs/*.log"]}
[2019-03-30T21:06:52,389][INFO ][logstash.pipeline        ] Pipeline started successfully {:pipeline_id=>"main", :thread=>"#<Thread:0x5bbb4196 run>"}
[2019-03-30T21:06:52,445][INFO ][logstash.agent           ] Pipelines running {:count=>1, :running_pipelines=>[:main], :non_running_pipelines=>[]}
[2019-03-30T21:06:52,452][INFO ][filewatch.observingtail  ] START, creating Discoverer, Watch with file and sincedb collections
[2019-03-30T21:06:52,728][INFO ][logstash.agent           ] Successfully started Logstash API endpoint {:port=>9600}
[2019-03-30T21:06:56,962][WARN ][logstash.outputs.elasticsearch] Attempted to resurrect connection to dead ES instance, but got an error. {:url=>"http://localhost:9200/", :error_type=>LogStash::Outputs::ElasticSearch::HttpClient::Pool::HostUnreachableError, :error=>"Elasticsearch Unreachable: [http://localhost:9200/][Manticore::SocketException] Connection refused (Connection refused)"}
[2019-03-30T21:07:01,986][WARN ][logstash.outputs.elasticsearch] Attempted to resurrect connection to dead ES instance, but got an error. {:url=>"http://localhost:9200/", :error_type=>LogStash::Outputs::ElasticSearch::HttpClient::Pool::HostUnreachableError, :error=>"Elasticsearch Unreachable: [http://localhost:9200/][Manticore::SocketException] Connection refused (Connection refused)"}
[2019-03-30T21:07:07,011][WARN ][logstash.outputs.elasticsearch] Attempted to resurrect connection to dead ES instance, but got an error. {:url=>"http://localhost:9200/", :error_type=>LogStash::Outputs::ElasticSearch::HttpClient::Pool::HostUnreachableError, :error=>"Elasticsearch Unreachable: [http://localhost:9200/][Manticore::ClientProtocolException] localhost:9200 failed to respond"}
[2019-03-30T21:07:12,026][WARN ][logstash.outputs.elasticsearch] Attempted to resurrect connection to dead ES instance, but got an error. {:url=>"http://localhost:9200/", :error_type=>LogStash::Outputs::ElasticSearch::HttpClient::Pool::HostUnreachableError, :error=>"Elasticsearch Unreachable: [http://localhost:9200/][Manticore::ClientProtocolException] localhost:9200 failed to respond"}
[2019-03-30T21:07:17,286][WARN ][logstash.outputs.elasticsearch] Attempted to resurrect connection to dead ES instance, but got an error. {:url=>"http://localhost:9200/", :error_type=>LogStash::Outputs::ElasticSearch::HttpClient::Pool::BadResponseCodeError, :error=>"Got response code '503' contacting Elasticsearch at URL 'http://localhost:9200/'"}
[2019-03-30T21:07:22,307][WARN ][logstash.outputs.elasticsearch] Restored connection to ES instance {:url=>"http://localhost:9200/"}
[2019-03-30T21:07:22,419][INFO ][logstash.outputs.elasticsearch] ES Output version determined {:es_version=>6}
[2019-03-30T21:07:22,425][WARN ][logstash.outputs.elasticsearch] Detected a 6.x and above cluster: the `type` event field won't be used to determine the document _type {:es_version=>6}
[2019-03-30T21:07:53,991][INFO ][logstash.outputs.elasticsearch] Using mapping template from {:path=>nil}
[2019-03-30T21:07:54,016][INFO ][logstash.outputs.elasticsearch] Attempting to install template {:manage_template=>{"template"=>"logstash-*", "version"=>60001, "settings"=>{"index.refresh_interval"=>"5s"}, "mappings"=>{"_default_"=>{"dynamic_templates"=>[{"message_field"=>{"path_match"=>"message", "match_mapping_type"=>"string", "mapping"=>{"type"=>"text", "norms"=>false}}}, {"string_fields"=>{"match"=>"*", "match_mapping_type"=>"string", "mapping"=>{"type"=>"text", "norms"=>false, "fields"=>{"keyword"=>{"type"=>"keyword", "ignore_above"=>256}}}}}], "properties"=>{"@timestamp"=>{"type"=>"date"}, "@version"=>{"type"=>"keyword"}, "geoip"=>{"dynamic"=>true, "properties"=>{"ip"=>{"type"=>"ip"}, "location"=>{"type"=>"geo_point"}, "latitude"=>{"type"=>"half_float"}, "longitude"=>{"type"=>"half_float"}}}}}}}}
[2019-03-30T21:07:54,096][INFO ][logstash.outputs.elasticsearch] Installing elasticsearch template to _template/logstash
[2019-03-30T21:14:06,905][WARN ][logstash.runner          ] SIGINT received. Shutting down.
[2019-03-30T21:14:07,084][INFO ][filewatch.observingtail  ] QUIT - closing all files and shutting down.
[2019-03-30T21:14:08,502][INFO ][logstash.pipeline        ] Pipeline has terminated {:pipeline_id=>"main", :thread=>"#<Thread:0x5bbb4196 run>"}
[2019-03-30T21:14:32,187][WARN ][logstash.config.source.multilocal] Ignoring the 'pipelines.yml' file because modules or command line options are specified
[2019-03-30T21:14:32,207][INFO ][logstash.runner          ] Starting Logstash {"logstash.version"=>"6.6.0"}
[2019-03-30T21:14:37,962][INFO ][logstash.pipeline        ] Starting pipeline {:pipeline_id=>"main", "pipeline.workers"=>8, "pipeline.batch.size"=>125, "pipeline.batch.delay"=>50}
[2019-03-30T21:14:38,353][INFO ][logstash.outputs.elasticsearch] Elasticsearch pool URLs updated {:changes=>{:removed=>[], :added=>[http://localhost:9200/]}}
[2019-03-30T21:14:38,576][WARN ][logstash.outputs.elasticsearch] Restored connection to ES instance {:url=>"http://localhost:9200/"}
[2019-03-30T21:14:38,629][INFO ][logstash.outputs.elasticsearch] ES Output version determined {:es_version=>6}
[2019-03-30T21:14:38,632][WARN ][logstash.outputs.elasticsearch] Detected a 6.x and above cluster: the `type` event field won't be used to determine the document _type {:es_version=>6}
[2019-03-30T21:14:38,658][INFO ][logstash.outputs.elasticsearch] New Elasticsearch output {:class=>"LogStash::Outputs::ElasticSearch", :hosts=>["//localhost:9200"]}
[2019-03-30T21:14:38,676][INFO ][logstash.outputs.elasticsearch] Using mapping template from {:path=>nil}
[2019-03-30T21:14:38,697][INFO ][logstash.outputs.elasticsearch] Attempting to install template {:manage_template=>{"template"=>"logstash-*", "version"=>60001, "settings"=>{"index.refresh_interval"=>"5s"}, "mappings"=>{"_default_"=>{"dynamic_templates"=>[{"message_field"=>{"path_match"=>"message", "match_mapping_type"=>"string", "mapping"=>{"type"=>"text", "norms"=>false}}}, {"string_fields"=>{"match"=>"*", "match_mapping_type"=>"string", "mapping"=>{"type"=>"text", "norms"=>false, "fields"=>{"keyword"=>{"type"=>"keyword", "ignore_above"=>256}}}}}], "properties"=>{"@timestamp"=>{"type"=>"date"}, "@version"=>{"type"=>"keyword"}, "geoip"=>{"dynamic"=>true, "properties"=>{"ip"=>{"type"=>"ip"}, "location"=>{"type"=>"geo_point"}, "latitude"=>{"type"=>"half_float"}, "longitude"=>{"type"=>"half_float"}}}}}}}}
[2019-03-30T21:14:39,148][INFO ][logstash.inputs.file     ] No sincedb_path set, generating one based on the "path" setting {:sincedb_path=>"/Users/alejandro-piedra/Documents/pfcti/logstash-6.6.0/data/plugins/inputs/file/.sincedb_2d834de07da30a69622833d16c6b7f65", :path=>["/Users/alejandro-piedra/Documents/pfcti/BackEnd/logs/*.log"]}
[2019-03-30T21:14:39,204][INFO ][logstash.pipeline        ] Pipeline started successfully {:pipeline_id=>"main", :thread=>"#<Thread:0x4cde31bc run>"}
[2019-03-30T21:14:39,262][INFO ][logstash.agent           ] Pipelines running {:count=>1, :running_pipelines=>[:main], :non_running_pipelines=>[]}
[2019-03-30T21:14:39,270][INFO ][filewatch.observingtail  ] START, creating Discoverer, Watch with file and sincedb collections
[2019-03-30T21:14:39,583][INFO ][logstash.agent           ] Successfully started Logstash API endpoint {:port=>9600}
[2019-03-30T21:17:51,346][WARN ][logstash.runner          ] SIGINT received. Shutting down.
[2019-03-30T21:17:51,473][INFO ][filewatch.observingtail  ] QUIT - closing all files and shutting down.
[2019-03-30T21:17:53,196][INFO ][logstash.pipeline        ] Pipeline has terminated {:pipeline_id=>"main", :thread=>"#<Thread:0x4cde31bc run>"}
[2019-03-30T21:18:20,827][WARN ][logstash.config.source.multilocal] Ignoring the 'pipelines.yml' file because modules or command line options are specified
[2019-03-30T21:18:20,856][INFO ][logstash.runner          ] Starting Logstash {"logstash.version"=>"6.6.0"}
[2019-03-30T21:18:29,948][INFO ][logstash.pipeline        ] Starting pipeline {:pipeline_id=>"main", "pipeline.workers"=>8, "pipeline.batch.size"=>125, "pipeline.batch.delay"=>50}
[2019-03-30T21:18:30,620][INFO ][logstash.outputs.elasticsearch] Elasticsearch pool URLs updated {:changes=>{:removed=>[], :added=>[http://localhost:9200/]}}
[2019-03-30T21:18:30,844][WARN ][logstash.outputs.elasticsearch] Attempted to resurrect connection to dead ES instance, but got an error. {:url=>"http://localhost:9200/", :error_type=>LogStash::Outputs::ElasticSearch::HttpClient::Pool::HostUnreachableError, :error=>"Elasticsearch Unreachable: [http://localhost:9200/][Manticore::SocketException] Connection refused (Connection refused)"}
[2019-03-30T21:18:30,871][INFO ][logstash.outputs.elasticsearch] New Elasticsearch output {:class=>"LogStash::Outputs::ElasticSearch", :hosts=>["//localhost:9200"]}
[2019-03-30T21:18:31,266][INFO ][logstash.inputs.file     ] No sincedb_path set, generating one based on the "path" setting {:sincedb_path=>"/Users/alejandro-piedra/Documents/pfcti/logstash-6.6.0/data/plugins/inputs/file/.sincedb_2d834de07da30a69622833d16c6b7f65", :path=>["/Users/alejandro-piedra/Documents/pfcti/BackEnd/logs/*.log"]}
[2019-03-30T21:18:31,308][INFO ][logstash.pipeline        ] Pipeline started successfully {:pipeline_id=>"main", :thread=>"#<Thread:0x18b9ae2b run>"}
[2019-03-30T21:18:31,365][INFO ][logstash.agent           ] Pipelines running {:count=>1, :running_pipelines=>[:main], :non_running_pipelines=>[]}
[2019-03-30T21:18:31,372][INFO ][filewatch.observingtail  ] START, creating Discoverer, Watch with file and sincedb collections
[2019-03-30T21:18:31,680][INFO ][logstash.agent           ] Successfully started Logstash API endpoint {:port=>9600}
[2019-03-30T21:18:35,887][WARN ][logstash.outputs.elasticsearch] Attempted to resurrect connection to dead ES instance, but got an error. {:url=>"http://localhost:9200/", :error_type=>LogStash::Outputs::ElasticSearch::HttpClient::Pool::HostUnreachableError, :error=>"Elasticsearch Unreachable: [http://localhost:9200/][Manticore::SocketException] Connection refused (Connection refused)"}
[2019-03-30T21:18:40,909][WARN ][logstash.outputs.elasticsearch] Attempted to resurrect connection to dead ES instance, but got an error. {:url=>"http://localhost:9200/", :error_type=>LogStash::Outputs::ElasticSearch::HttpClient::Pool::HostUnreachableError, :error=>"Elasticsearch Unreachable: [http://localhost:9200/][Manticore::SocketException] Connection refused (Connection refused)"}
[2019-03-30T21:18:46,268][WARN ][logstash.outputs.elasticsearch] Attempted to resurrect connection to dead ES instance, but got an error. {:url=>"http://localhost:9200/", :error_type=>LogStash::Outputs::ElasticSearch::HttpClient::Pool::HostUnreachableError, :error=>"Elasticsearch Unreachable: [http://localhost:9200/][Manticore::ClientProtocolException] localhost:9200 failed to respond"}
[2019-03-30T21:18:51,286][WARN ][logstash.outputs.elasticsearch] Attempted to resurrect connection to dead ES instance, but got an error. {:url=>"http://localhost:9200/", :error_type=>LogStash::Outputs::ElasticSearch::HttpClient::Pool::HostUnreachableError, :error=>"Elasticsearch Unreachable: [http://localhost:9200/][Manticore::ClientProtocolException] localhost:9200 failed to respond"}
[2019-03-30T21:18:56,306][WARN ][logstash.outputs.elasticsearch] Attempted to resurrect connection to dead ES instance, but got an error. {:url=>"http://localhost:9200/", :error_type=>LogStash::Outputs::ElasticSearch::HttpClient::Pool::HostUnreachableError, :error=>"Elasticsearch Unreachable: [http://localhost:9200/][Manticore::ClientProtocolException] localhost:9200 failed to respond"}
[2019-03-30T21:19:01,658][WARN ][logstash.outputs.elasticsearch] Attempted to resurrect connection to dead ES instance, but got an error. {:url=>"http://localhost:9200/", :error_type=>LogStash::Outputs::ElasticSearch::HttpClient::Pool::BadResponseCodeError, :error=>"Got response code '503' contacting Elasticsearch at URL 'http://localhost:9200/'"}
[2019-03-30T21:19:06,683][WARN ][logstash.outputs.elasticsearch] Restored connection to ES instance {:url=>"http://localhost:9200/"}
[2019-03-30T21:19:06,769][INFO ][logstash.outputs.elasticsearch] ES Output version determined {:es_version=>6}
[2019-03-30T21:19:06,773][WARN ][logstash.outputs.elasticsearch] Detected a 6.x and above cluster: the `type` event field won't be used to determine the document _type {:es_version=>6}
[2019-03-30T21:19:32,904][INFO ][logstash.outputs.elasticsearch] Using mapping template from {:path=>nil}
[2019-03-30T21:19:32,923][INFO ][logstash.outputs.elasticsearch] Attempting to install template {:manage_template=>{"template"=>"logstash-*", "version"=>60001, "settings"=>{"index.refresh_interval"=>"5s"}, "mappings"=>{"_default_"=>{"dynamic_templates"=>[{"message_field"=>{"path_match"=>"message", "match_mapping_type"=>"string", "mapping"=>{"type"=>"text", "norms"=>false}}}, {"string_fields"=>{"match"=>"*", "match_mapping_type"=>"string", "mapping"=>{"type"=>"text", "norms"=>false, "fields"=>{"keyword"=>{"type"=>"keyword", "ignore_above"=>256}}}}}], "properties"=>{"@timestamp"=>{"type"=>"date"}, "@version"=>{"type"=>"keyword"}, "geoip"=>{"dynamic"=>true, "properties"=>{"ip"=>{"type"=>"ip"}, "location"=>{"type"=>"geo_point"}, "latitude"=>{"type"=>"half_float"}, "longitude"=>{"type"=>"half_float"}}}}}}}}
[2019-03-30T21:20:39,915][WARN ][logstash.runner          ] SIGINT received. Shutting down.
[2019-03-30T21:20:40,053][INFO ][filewatch.observingtail  ] QUIT - closing all files and shutting down.
[2019-03-30T21:20:41,046][INFO ][logstash.pipeline        ] Pipeline has terminated {:pipeline_id=>"main", :thread=>"#<Thread:0x18b9ae2b run>"}
[2019-03-30T21:21:00,968][WARN ][logstash.config.source.multilocal] Ignoring the 'pipelines.yml' file because modules or command line options are specified
[2019-03-30T21:21:00,997][INFO ][logstash.runner          ] Starting Logstash {"logstash.version"=>"6.6.0"}
[2019-03-30T21:21:06,979][INFO ][logstash.pipeline        ] Starting pipeline {:pipeline_id=>"main", "pipeline.workers"=>8, "pipeline.batch.size"=>125, "pipeline.batch.delay"=>50}
[2019-03-30T21:21:07,473][INFO ][logstash.outputs.elasticsearch] Elasticsearch pool URLs updated {:changes=>{:removed=>[], :added=>[http://localhost:9200/]}}
[2019-03-30T21:21:07,672][WARN ][logstash.outputs.elasticsearch] Restored connection to ES instance {:url=>"http://localhost:9200/"}
[2019-03-30T21:21:07,733][INFO ][logstash.outputs.elasticsearch] ES Output version determined {:es_version=>6}
[2019-03-30T21:21:07,738][WARN ][logstash.outputs.elasticsearch] Detected a 6.x and above cluster: the `type` event field won't be used to determine the document _type {:es_version=>6}
[2019-03-30T21:21:07,768][INFO ][logstash.outputs.elasticsearch] New Elasticsearch output {:class=>"LogStash::Outputs::ElasticSearch", :hosts=>["//localhost:9200"]}
[2019-03-30T21:21:07,787][INFO ][logstash.outputs.elasticsearch] Using mapping template from {:path=>nil}
[2019-03-30T21:21:07,824][INFO ][logstash.outputs.elasticsearch] Attempting to install template {:manage_template=>{"template"=>"logstash-*", "version"=>60001, "settings"=>{"index.refresh_interval"=>"5s"}, "mappings"=>{"_default_"=>{"dynamic_templates"=>[{"message_field"=>{"path_match"=>"message", "match_mapping_type"=>"string", "mapping"=>{"type"=>"text", "norms"=>false}}}, {"string_fields"=>{"match"=>"*", "match_mapping_type"=>"string", "mapping"=>{"type"=>"text", "norms"=>false, "fields"=>{"keyword"=>{"type"=>"keyword", "ignore_above"=>256}}}}}], "properties"=>{"@timestamp"=>{"type"=>"date"}, "@version"=>{"type"=>"keyword"}, "geoip"=>{"dynamic"=>true, "properties"=>{"ip"=>{"type"=>"ip"}, "location"=>{"type"=>"geo_point"}, "latitude"=>{"type"=>"half_float"}, "longitude"=>{"type"=>"half_float"}}}}}}}}
[2019-03-30T21:21:08,246][INFO ][logstash.inputs.file     ] No sincedb_path set, generating one based on the "path" setting {:sincedb_path=>"/Users/alejandro-piedra/Documents/pfcti/logstash-6.6.0/data/plugins/inputs/file/.sincedb_2d834de07da30a69622833d16c6b7f65", :path=>["/Users/alejandro-piedra/Documents/pfcti/BackEnd/logs/*.log"]}
[2019-03-30T21:21:08,287][INFO ][logstash.pipeline        ] Pipeline started successfully {:pipeline_id=>"main", :thread=>"#<Thread:0x3be39c9a run>"}
[2019-03-30T21:21:08,350][INFO ][logstash.agent           ] Pipelines running {:count=>1, :running_pipelines=>[:main], :non_running_pipelines=>[]}
[2019-03-30T21:21:08,369][INFO ][filewatch.observingtail  ] START, creating Discoverer, Watch with file and sincedb collections
[2019-03-30T21:21:08,840][INFO ][logstash.agent           ] Successfully started Logstash API endpoint {:port=>9600}
[2019-03-30T21:22:00,422][WARN ][logstash.runner          ] SIGINT received. Shutting down.
[2019-03-30T21:22:00,539][INFO ][filewatch.observingtail  ] QUIT - closing all files and shutting down.
[2019-03-30T21:22:01,880][INFO ][logstash.pipeline        ] Pipeline has terminated {:pipeline_id=>"main", :thread=>"#<Thread:0x3be39c9a run>"}
[2019-03-30T21:22:36,792][WARN ][logstash.config.source.multilocal] Ignoring the 'pipelines.yml' file because modules or command line options are specified
[2019-03-30T21:22:36,818][INFO ][logstash.runner          ] Starting Logstash {"logstash.version"=>"6.6.0"}
[2019-03-30T21:22:44,639][INFO ][logstash.pipeline        ] Starting pipeline {:pipeline_id=>"main", "pipeline.workers"=>8, "pipeline.batch.size"=>125, "pipeline.batch.delay"=>50}
[2019-03-30T21:22:45,166][INFO ][logstash.outputs.elasticsearch] Elasticsearch pool URLs updated {:changes=>{:removed=>[], :added=>[http://localhost:9200/]}}
[2019-03-30T21:22:45,405][WARN ][logstash.outputs.elasticsearch] Attempted to resurrect connection to dead ES instance, but got an error. {:url=>"http://localhost:9200/", :error_type=>LogStash::Outputs::ElasticSearch::HttpClient::Pool::HostUnreachableError, :error=>"Elasticsearch Unreachable: [http://localhost:9200/][Manticore::SocketException] Connection refused (Connection refused)"}
[2019-03-30T21:22:45,440][INFO ][logstash.outputs.elasticsearch] New Elasticsearch output {:class=>"LogStash::Outputs::ElasticSearch", :hosts=>["//localhost:9200"]}
[2019-03-30T21:22:45,937][INFO ][logstash.inputs.file     ] No sincedb_path set, generating one based on the "path" setting {:sincedb_path=>"/Users/alejandro-piedra/Documents/pfcti/logstash-6.6.0/data/plugins/inputs/file/.sincedb_2d834de07da30a69622833d16c6b7f65", :path=>["/Users/alejandro-piedra/Documents/pfcti/BackEnd/logs/*.log"]}
[2019-03-30T21:22:45,999][INFO ][logstash.pipeline        ] Pipeline started successfully {:pipeline_id=>"main", :thread=>"#<Thread:0x7757e54b run>"}
[2019-03-30T21:22:46,081][INFO ][logstash.agent           ] Pipelines running {:count=>1, :running_pipelines=>[:main], :non_running_pipelines=>[]}
[2019-03-30T21:22:46,102][INFO ][filewatch.observingtail  ] START, creating Discoverer, Watch with file and sincedb collections
[2019-03-30T21:22:46,558][INFO ][logstash.agent           ] Successfully started Logstash API endpoint {:port=>9600}
[2019-03-30T21:22:50,443][WARN ][logstash.outputs.elasticsearch] Attempted to resurrect connection to dead ES instance, but got an error. {:url=>"http://localhost:9200/", :error_type=>LogStash::Outputs::ElasticSearch::HttpClient::Pool::HostUnreachableError, :error=>"Elasticsearch Unreachable: [http://localhost:9200/][Manticore::SocketException] Connection refused (Connection refused)"}
[2019-03-30T21:22:55,459][WARN ][logstash.outputs.elasticsearch] Attempted to resurrect connection to dead ES instance, but got an error. {:url=>"http://localhost:9200/", :error_type=>LogStash::Outputs::ElasticSearch::HttpClient::Pool::HostUnreachableError, :error=>"Elasticsearch Unreachable: [http://localhost:9200/][Manticore::SocketException] Connection refused (Connection refused)"}
[2019-03-30T21:23:00,479][WARN ][logstash.outputs.elasticsearch] Attempted to resurrect connection to dead ES instance, but got an error. {:url=>"http://localhost:9200/", :error_type=>LogStash::Outputs::ElasticSearch::HttpClient::Pool::HostUnreachableError, :error=>"Elasticsearch Unreachable: [http://localhost:9200/][Manticore::SocketException] Connection refused (Connection refused)"}
[2019-03-30T21:23:05,516][WARN ][logstash.outputs.elasticsearch] Attempted to resurrect connection to dead ES instance, but got an error. {:url=>"http://localhost:9200/", :error_type=>LogStash::Outputs::ElasticSearch::HttpClient::Pool::HostUnreachableError, :error=>"Elasticsearch Unreachable: [http://localhost:9200/][Manticore::ClientProtocolException] localhost:9200 failed to respond"}
[2019-03-30T21:23:10,542][WARN ][logstash.outputs.elasticsearch] Attempted to resurrect connection to dead ES instance, but got an error. {:url=>"http://localhost:9200/", :error_type=>LogStash::Outputs::ElasticSearch::HttpClient::Pool::HostUnreachableError, :error=>"Elasticsearch Unreachable: [http://localhost:9200/][Manticore::ClientProtocolException] localhost:9200 failed to respond"}
[2019-03-30T21:23:15,560][WARN ][logstash.outputs.elasticsearch] Attempted to resurrect connection to dead ES instance, but got an error. {:url=>"http://localhost:9200/", :error_type=>LogStash::Outputs::ElasticSearch::HttpClient::Pool::HostUnreachableError, :error=>"Elasticsearch Unreachable: [http://localhost:9200/][Manticore::ClientProtocolException] localhost:9200 failed to respond"}
[2019-03-30T21:23:20,792][WARN ][logstash.outputs.elasticsearch] Restored connection to ES instance {:url=>"http://localhost:9200/"}
[2019-03-30T21:23:20,932][INFO ][logstash.outputs.elasticsearch] ES Output version determined {:es_version=>6}
[2019-03-30T21:23:20,937][WARN ][logstash.outputs.elasticsearch] Detected a 6.x and above cluster: the `type` event field won't be used to determine the document _type {:es_version=>6}
[2019-03-30T21:23:47,475][INFO ][logstash.outputs.elasticsearch] Using mapping template from {:path=>nil}
[2019-03-30T21:23:47,489][INFO ][logstash.outputs.elasticsearch] Attempting to install template {:manage_template=>{"template"=>"logstash-*", "version"=>60001, "settings"=>{"index.refresh_interval"=>"5s"}, "mappings"=>{"_default_"=>{"dynamic_templates"=>[{"message_field"=>{"path_match"=>"message", "match_mapping_type"=>"string", "mapping"=>{"type"=>"text", "norms"=>false}}}, {"string_fields"=>{"match"=>"*", "match_mapping_type"=>"string", "mapping"=>{"type"=>"text", "norms"=>false, "fields"=>{"keyword"=>{"type"=>"keyword", "ignore_above"=>256}}}}}], "properties"=>{"@timestamp"=>{"type"=>"date"}, "@version"=>{"type"=>"keyword"}, "geoip"=>{"dynamic"=>true, "properties"=>{"ip"=>{"type"=>"ip"}, "location"=>{"type"=>"geo_point"}, "latitude"=>{"type"=>"half_float"}, "longitude"=>{"type"=>"half_float"}}}}}}}}
[2019-03-30T21:26:50,626][WARN ][logstash.runner          ] SIGINT received. Shutting down.
[2019-03-30T21:26:50,790][INFO ][filewatch.observingtail  ] QUIT - closing all files and shutting down.
[2019-03-30T21:26:51,645][INFO ][logstash.pipeline        ] Pipeline has terminated {:pipeline_id=>"main", :thread=>"#<Thread:0x7757e54b run>"}
[2019-03-30T21:27:24,976][WARN ][logstash.config.source.multilocal] Ignoring the 'pipelines.yml' file because modules or command line options are specified
[2019-03-30T21:27:25,013][INFO ][logstash.runner          ] Starting Logstash {"logstash.version"=>"6.6.0"}
[2019-03-30T21:27:34,273][INFO ][logstash.pipeline        ] Starting pipeline {:pipeline_id=>"main", "pipeline.workers"=>8, "pipeline.batch.size"=>125, "pipeline.batch.delay"=>50}
[2019-03-30T21:27:34,883][INFO ][logstash.outputs.elasticsearch] Elasticsearch pool URLs updated {:changes=>{:removed=>[], :added=>[http://localhost:9200/]}}
[2019-03-30T21:27:35,189][WARN ][logstash.outputs.elasticsearch] Restored connection to ES instance {:url=>"http://localhost:9200/"}
[2019-03-30T21:27:35,282][INFO ][logstash.outputs.elasticsearch] ES Output version determined {:es_version=>6}
[2019-03-30T21:27:35,291][WARN ][logstash.outputs.elasticsearch] Detected a 6.x and above cluster: the `type` event field won't be used to determine the document _type {:es_version=>6}
[2019-03-30T21:27:35,341][INFO ][logstash.outputs.elasticsearch] New Elasticsearch output {:class=>"LogStash::Outputs::ElasticSearch", :hosts=>["//localhost:9200"]}
[2019-03-30T21:27:35,359][INFO ][logstash.outputs.elasticsearch] Using mapping template from {:path=>nil}
[2019-03-30T21:27:35,392][INFO ][logstash.outputs.elasticsearch] Attempting to install template {:manage_template=>{"template"=>"logstash-*", "version"=>60001, "settings"=>{"index.refresh_interval"=>"5s"}, "mappings"=>{"_default_"=>{"dynamic_templates"=>[{"message_field"=>{"path_match"=>"message", "match_mapping_type"=>"string", "mapping"=>{"type"=>"text", "norms"=>false}}}, {"string_fields"=>{"match"=>"*", "match_mapping_type"=>"string", "mapping"=>{"type"=>"text", "norms"=>false, "fields"=>{"keyword"=>{"type"=>"keyword", "ignore_above"=>256}}}}}], "properties"=>{"@timestamp"=>{"type"=>"date"}, "@version"=>{"type"=>"keyword"}, "geoip"=>{"dynamic"=>true, "properties"=>{"ip"=>{"type"=>"ip"}, "location"=>{"type"=>"geo_point"}, "latitude"=>{"type"=>"half_float"}, "longitude"=>{"type"=>"half_float"}}}}}}}}
[2019-03-30T21:27:36,097][INFO ][logstash.inputs.file     ] No sincedb_path set, generating one based on the "path" setting {:sincedb_path=>"/Users/alejandro-piedra/Documents/pfcti/logstash-6.6.0/data/plugins/inputs/file/.sincedb_2d834de07da30a69622833d16c6b7f65", :path=>["/Users/alejandro-piedra/Documents/pfcti/BackEnd/logs/*.log"]}
[2019-03-30T21:27:36,184][INFO ][logstash.pipeline        ] Pipeline started successfully {:pipeline_id=>"main", :thread=>"#<Thread:0x5090304d run>"}
[2019-03-30T21:27:36,280][INFO ][logstash.agent           ] Pipelines running {:count=>1, :running_pipelines=>[:main], :non_running_pipelines=>[]}
[2019-03-30T21:27:36,295][INFO ][filewatch.observingtail  ] START, creating Discoverer, Watch with file and sincedb collections
[2019-03-30T21:27:36,874][INFO ][logstash.agent           ] Successfully started Logstash API endpoint {:port=>9600}
[2019-03-30T21:59:48,504][WARN ][logstash.runner          ] SIGINT received. Shutting down.
[2019-03-30T21:59:48,703][INFO ][filewatch.observingtail  ] QUIT - closing all files and shutting down.
[2019-03-30T21:59:50,191][INFO ][logstash.pipeline        ] Pipeline has terminated {:pipeline_id=>"main", :thread=>"#<Thread:0x5090304d run>"}
